Using pre-set license
Built from '2020.3/staging' branch; Version is '2020.3.21f1 (a38c86f6690f) revision 10718342'; Using compiler version '192528614'; Build Type 'Release'
OS: 'Windows 10 Pro; OS build 19042.1288; Version 2009; 64bit' Language: 'en' Physical Memory: 24533 MB
BatchMode: 1, IsHumanControllingUs: 0, StartBugReporterOnCrash: 0, Is64bit: 1, IsPro: 0

COMMAND LINE ARGUMENTS:
C:\Program Files\Unity\Hub\Editor\2020.3.21f1\Editor\Unity.exe
-adb2
-batchMode
-noUpm
-name
AssetImportWorker0
-projectPath
C:/Users/Charles/Documents/GitHub/CowboyCOOPCharles
-logFile
Logs/AssetImportWorker0.log
-srvPort
53194
Successfully changed project path to: C:/Users/Charles/Documents/GitHub/CowboyCOOPCharles
C:/Users/Charles/Documents/GitHub/CowboyCOOPCharles
Using Asset Import Pipeline V2.
Refreshing native plugins compatible for Editor in 93.90 ms, found 2 plugins.
Preloading 0 native plugins for Editor in 0.00 ms.
Initialize engine version: 2020.3.21f1 (a38c86f6690f)
[Subsystems] Discovering subsystems at path C:/Program Files/Unity/Hub/Editor/2020.3.21f1/Editor/Data/Resources/UnitySubsystems
[Subsystems] Discovering subsystems at path C:/Users/Charles/Documents/GitHub/CowboyCOOPCharles/Assets
GfxDevice: creating device client; threaded=0
Direct3D:
    Version:  Direct3D 11.0 [level 11.1]
    Renderer: NVIDIA GeForce RTX 2060 (ID=0x1f08)
    Vendor:   
    VRAM:     5980 MB
    Driver:   27.21.14.5671
Initialize mono
Mono path[0] = 'C:/Program Files/Unity/Hub/Editor/2020.3.21f1/Editor/Data/Managed'
Mono path[1] = 'C:/Program Files/Unity/Hub/Editor/2020.3.21f1/Editor/Data/MonoBleedingEdge/lib/mono/unityjit'
Mono config path = 'C:/Program Files/Unity/Hub/Editor/2020.3.21f1/Editor/Data/MonoBleedingEdge/etc'
Using monoOptions --debugger-agent=transport=dt_socket,embedding=1,server=y,suspend=n,address=127.0.0.1:56956
Begin MonoManager ReloadAssembly
Registering precompiled unity dll's ...
Register platform support module: C:/Program Files/Unity/Hub/Editor/2020.3.21f1/Editor/Data/PlaybackEngines/WebGLSupport/UnityEditor.WebGL.Extensions.dll
Register platform support module: C:/Program Files/Unity/Hub/Editor/2020.3.21f1/Editor/Data/PlaybackEngines/WindowsStandaloneSupport/UnityEditor.WindowsStandalone.Extensions.dll
Registered in 0.005747 seconds.
Native extension for WindowsStandalone target not found
Native extension for WebGL target not found
Refreshing native plugins compatible for Editor in 59.74 ms, found 2 plugins.
Preloading 0 native plugins for Editor in 0.00 ms.
Mono: successfully reloaded assembly
- Completed reload, in  2.125 seconds
Domain Reload Profiling:
	ReloadAssembly (2125ms)
		BeginReloadAssembly (88ms)
			ExecutionOrderSort (0ms)
			DisableScriptedObjects (0ms)
			BackupInstance (0ms)
			ReleaseScriptingObjects (0ms)
			CreateAndSetChildDomain (1ms)
		EndReloadAssembly (775ms)
			LoadAssemblies (85ms)
			RebuildTransferFunctionScriptingTraits (0ms)
			SetupTypeCache (297ms)
			ReleaseScriptCaches (0ms)
			RebuildScriptCaches (52ms)
			SetupLoadedEditorAssemblies (254ms)
				LogAssemblyErrors (0ms)
				InitializePlatformSupportModulesInManaged (8ms)
				SetLoadedEditorAssemblies (0ms)
				RefreshPlugins (60ms)
				BeforeProcessingInitializeOnLoad (28ms)
				ProcessInitializeOnLoadAttributes (119ms)
				ProcessInitializeOnLoadMethodAttributes (39ms)
				AfterProcessingInitializeOnLoad (0ms)
				EditorAssembliesLoaded (0ms)
			ExecutionOrderSort2 (0ms)
			AwakeInstancesAfterBackupRestoration (0ms)
Platform modules already initialized, skipping
Registering precompiled user dll's ...
Registered in 0.006364 seconds.
Begin MonoManager ReloadAssembly
Native extension for WindowsStandalone target not found
Native extension for WebGL target not found
Refreshing native plugins compatible for Editor in 0.57 ms, found 2 plugins.
Preloading 0 native plugins for Editor in 0.00 ms.
Mono: successfully reloaded assembly
- Completed reload, in  1.603 seconds
Domain Reload Profiling:
	ReloadAssembly (1604ms)
		BeginReloadAssembly (219ms)
			ExecutionOrderSort (0ms)
			DisableScriptedObjects (8ms)
			BackupInstance (0ms)
			ReleaseScriptingObjects (0ms)
			CreateAndSetChildDomain (26ms)
		EndReloadAssembly (1295ms)
			LoadAssemblies (135ms)
			RebuildTransferFunctionScriptingTraits (0ms)
			SetupTypeCache (424ms)
			ReleaseScriptCaches (0ms)
			RebuildScriptCaches (64ms)
			SetupLoadedEditorAssemblies (529ms)
				LogAssemblyErrors (0ms)
				InitializePlatformSupportModulesInManaged (9ms)
				SetLoadedEditorAssemblies (1ms)
				RefreshPlugins (1ms)
				BeforeProcessingInitializeOnLoad (115ms)
				ProcessInitializeOnLoadAttributes (375ms)
				ProcessInitializeOnLoadMethodAttributes (16ms)
				AfterProcessingInitializeOnLoad (13ms)
				EditorAssembliesLoaded (0ms)
			ExecutionOrderSort2 (0ms)
			AwakeInstancesAfterBackupRestoration (14ms)
Platform modules already initialized, skipping
========================================================================
Worker process is ready to serve import requests
Launched and connected shader compiler UnityShaderCompiler.exe after 0.10 seconds
Refreshing native plugins compatible for Editor in 1.03 ms, found 2 plugins.
Preloading 0 native plugins for Editor in 0.00 ms.
Unloading 1494 Unused Serialized files (Serialized files now loaded: 0)
System memory in use before: 68.9 MB.
System memory in use after: 68.9 MB.

Unloading 19 unused Assets to reduce memory usage. Loaded Objects now: 1928.
Total: 6.655500 ms (FindLiveObjects: 0.332300 ms CreateObjectMapping: 0.084700 ms MarkObjects: 6.076500 ms  DeleteObjects: 0.159100 ms)

AssetImportParameters requested are different than current active one (requested -> active):
  custom:framework-win-MediaFoundation: 216162199b28c13a410421893ffa2e32 -> 
  custom:video-decoder-ogg-theora: a1e56fd34408186e4bbccfd4996cb3dc -> 
  custom:container-muxer-webm: aa71ff27fc2769a1b78a27578f13a17b -> 
  custom:container-demuxer-webm: 4f35f7cbe854078d1ac9338744f61a02 -> 
  custom:container-demuxer-ogg: 62fdf1f143b41e24485cea50d1cbac27 -> 
  custom:video-encoder-webm-vp8: eb34c28f22e8b96e1ab97ce403110664 -> 
  custom:video-decoder-webm-vp8: 9c59270c3fd7afecdb556c50c9e8de78 -> 
  custom:audio-decoder-ogg-vorbis: bf7c407c2cedff20999df2af8eb42d56 -> 
  custom:audio-encoder-webm-vorbis: bf7c407c2cedff20999df2af8eb42d56 -> 
========================================================================
Received Import Request.
  path: Assets/Scenes/SampleScene.unity
  artifactKey: Guid(9fc0d4010bbf28b4594072e72b8655ab) Importer(815301076,1909f56bfc062723c751e8b465ee728b)
Start importing Assets/Scenes/SampleScene.unity using Guid(9fc0d4010bbf28b4594072e72b8655ab) Importer(815301076,1909f56bfc062723c751e8b465ee728b)  -> (artifact id: 'eded04cc66af99ed80e93fb88f965564') in 0.028529 seconds 
  Import took 0.033718 seconds .

========================================================================
Received Prepare
Registering precompiled user dll's ...
Registered in 0.431146 seconds.
Begin MonoManager ReloadAssembly
Native extension for WindowsStandalone target not found
Native extension for WebGL target not found
Refreshing native plugins compatible for Editor in 0.60 ms, found 2 plugins.
Preloading 0 native plugins for Editor in 0.00 ms.
Mono: successfully reloaded assembly
- Completed reload, in  1.898 seconds
Domain Reload Profiling:
	ReloadAssembly (1899ms)
		BeginReloadAssembly (195ms)
			ExecutionOrderSort (0ms)
			DisableScriptedObjects (11ms)
			BackupInstance (0ms)
			ReleaseScriptingObjects (0ms)
			CreateAndSetChildDomain (42ms)
		EndReloadAssembly (1617ms)
			LoadAssemblies (594ms)
			RebuildTransferFunctionScriptingTraits (0ms)
			SetupTypeCache (423ms)
			ReleaseScriptCaches (1ms)
			RebuildScriptCaches (59ms)
			SetupLoadedEditorAssemblies (432ms)
				LogAssemblyErrors (0ms)
				InitializePlatformSupportModulesInManaged (10ms)
				SetLoadedEditorAssemblies (1ms)
				RefreshPlugins (1ms)
				BeforeProcessingInitializeOnLoad (110ms)
				ProcessInitializeOnLoadAttributes (287ms)
				ProcessInitializeOnLoadMethodAttributes (12ms)
				AfterProcessingInitializeOnLoad (10ms)
				EditorAssembliesLoaded (0ms)
			ExecutionOrderSort2 (0ms)
			AwakeInstancesAfterBackupRestoration (10ms)
Platform modules already initialized, skipping
Refreshing native plugins compatible for Editor in 0.70 ms, found 2 plugins.
Preloading 0 native plugins for Editor in 0.00 ms.
Unloading 1488 Unused Serialized files (Serialized files now loaded: 0)
System memory in use before: 68.7 MB.
System memory in use after: 68.8 MB.

Unloading 14 unused Assets to reduce memory usage. Loaded Objects now: 1930.
Total: 3.526500 ms (FindLiveObjects: 0.179300 ms CreateObjectMapping: 0.065900 ms MarkObjects: 3.252700 ms  DeleteObjects: 0.026800 ms)

AssetImportParameters requested are different than current active one (requested -> active):
  custom:framework-win-MediaFoundation: 216162199b28c13a410421893ffa2e32 -> 
  custom:video-decoder-ogg-theora: a1e56fd34408186e4bbccfd4996cb3dc -> 
  custom:container-muxer-webm: aa71ff27fc2769a1b78a27578f13a17b -> 
  custom:container-demuxer-webm: 4f35f7cbe854078d1ac9338744f61a02 -> 
  custom:container-demuxer-ogg: 62fdf1f143b41e24485cea50d1cbac27 -> 
  custom:video-encoder-webm-vp8: eb34c28f22e8b96e1ab97ce403110664 -> 
  custom:video-decoder-webm-vp8: 9c59270c3fd7afecdb556c50c9e8de78 -> 
  custom:audio-decoder-ogg-vorbis: bf7c407c2cedff20999df2af8eb42d56 -> 
  custom:audio-encoder-webm-vorbis: bf7c407c2cedff20999df2af8eb42d56 -> 
========================================================================
Received Prepare
Registering precompiled user dll's ...
Registered in 0.008849 seconds.
Begin MonoManager ReloadAssembly
Native extension for WindowsStandalone target not found
Native extension for WebGL target not found
Refreshing native plugins compatible for Editor in 0.56 ms, found 2 plugins.
Preloading 0 native plugins for Editor in 0.00 ms.
Mono: successfully reloaded assembly
- Completed reload, in  1.493 seconds
Domain Reload Profiling:
	ReloadAssembly (1494ms)
		BeginReloadAssembly (160ms)
			ExecutionOrderSort (0ms)
			DisableScriptedObjects (10ms)
			BackupInstance (0ms)
			ReleaseScriptingObjects (0ms)
			CreateAndSetChildDomain (44ms)
		EndReloadAssembly (1216ms)
			LoadAssemblies (146ms)
			RebuildTransferFunctionScriptingTraits (0ms)
			SetupTypeCache (420ms)
			ReleaseScriptCaches (1ms)
			RebuildScriptCaches (59ms)
			SetupLoadedEditorAssemblies (427ms)
				LogAssemblyErrors (0ms)
				InitializePlatformSupportModulesInManaged (9ms)
				SetLoadedEditorAssemblies (1ms)
				RefreshPlugins (1ms)
				BeforeProcessingInitializeOnLoad (107ms)
				ProcessInitializeOnLoadAttributes (287ms)
				ProcessInitializeOnLoadMethodAttributes (11ms)
				AfterProcessingInitializeOnLoad (10ms)
				EditorAssembliesLoaded (0ms)
			ExecutionOrderSort2 (0ms)
			AwakeInstancesAfterBackupRestoration (10ms)
Platform modules already initialized, skipping
Refreshing native plugins compatible for Editor in 0.57 ms, found 2 plugins.
Preloading 0 native plugins for Editor in 0.00 ms.
Unloading 1488 Unused Serialized files (Serialized files now loaded: 0)
System memory in use before: 68.8 MB.
System memory in use after: 68.9 MB.

Unloading 14 unused Assets to reduce memory usage. Loaded Objects now: 1932.
Total: 3.674600 ms (FindLiveObjects: 0.176800 ms CreateObjectMapping: 0.066800 ms MarkObjects: 3.397500 ms  DeleteObjects: 0.031000 ms)

AssetImportParameters requested are different than current active one (requested -> active):
  custom:framework-win-MediaFoundation: 216162199b28c13a410421893ffa2e32 -> 
  custom:video-decoder-ogg-theora: a1e56fd34408186e4bbccfd4996cb3dc -> 
  custom:container-muxer-webm: aa71ff27fc2769a1b78a27578f13a17b -> 
  custom:container-demuxer-webm: 4f35f7cbe854078d1ac9338744f61a02 -> 
  custom:container-demuxer-ogg: 62fdf1f143b41e24485cea50d1cbac27 -> 
  custom:video-encoder-webm-vp8: eb34c28f22e8b96e1ab97ce403110664 -> 
  custom:video-decoder-webm-vp8: 9c59270c3fd7afecdb556c50c9e8de78 -> 
  custom:audio-decoder-ogg-vorbis: bf7c407c2cedff20999df2af8eb42d56 -> 
  custom:audio-encoder-webm-vorbis: bf7c407c2cedff20999df2af8eb42d56 -> 
========================================================================
Received Prepare
Registering precompiled user dll's ...
Registered in 0.009448 seconds.
Begin MonoManager ReloadAssembly
Native extension for WindowsStandalone target not found
Native extension for WebGL target not found
Refreshing native plugins compatible for Editor in 0.61 ms, found 2 plugins.
Preloading 0 native plugins for Editor in 0.00 ms.
Mono: successfully reloaded assembly
- Completed reload, in  1.610 seconds
Domain Reload Profiling:
	ReloadAssembly (1611ms)
		BeginReloadAssembly (160ms)
			ExecutionOrderSort (0ms)
			DisableScriptedObjects (8ms)
			BackupInstance (0ms)
			ReleaseScriptingObjects (0ms)
			CreateAndSetChildDomain (45ms)
		EndReloadAssembly (1350ms)
			LoadAssemblies (144ms)
			RebuildTransferFunctionScriptingTraits (0ms)
			SetupTypeCache (473ms)
			ReleaseScriptCaches (1ms)
			RebuildScriptCaches (68ms)
			SetupLoadedEditorAssemblies (499ms)
				LogAssemblyErrors (0ms)
				InitializePlatformSupportModulesInManaged (10ms)
				SetLoadedEditorAssemblies (1ms)
				RefreshPlugins (1ms)
				BeforeProcessingInitializeOnLoad (124ms)
				ProcessInitializeOnLoadAttributes (336ms)
				ProcessInitializeOnLoadMethodAttributes (15ms)
				AfterProcessingInitializeOnLoad (12ms)
				EditorAssembliesLoaded (0ms)
			ExecutionOrderSort2 (0ms)
			AwakeInstancesAfterBackupRestoration (11ms)
Platform modules already initialized, skipping
Refreshing native plugins compatible for Editor in 0.58 ms, found 2 plugins.
Preloading 0 native plugins for Editor in 0.00 ms.
Unloading 1488 Unused Serialized files (Serialized files now loaded: 0)
System memory in use before: 68.8 MB.
System memory in use after: 68.9 MB.

Unloading 14 unused Assets to reduce memory usage. Loaded Objects now: 1934.
Total: 3.711000 ms (FindLiveObjects: 0.170700 ms CreateObjectMapping: 0.064900 ms MarkObjects: 3.446700 ms  DeleteObjects: 0.026500 ms)

AssetImportParameters requested are different than current active one (requested -> active):
  custom:framework-win-MediaFoundation: 216162199b28c13a410421893ffa2e32 -> 
  custom:video-decoder-ogg-theora: a1e56fd34408186e4bbccfd4996cb3dc -> 
  custom:container-muxer-webm: aa71ff27fc2769a1b78a27578f13a17b -> 
  custom:container-demuxer-webm: 4f35f7cbe854078d1ac9338744f61a02 -> 
  custom:container-demuxer-ogg: 62fdf1f143b41e24485cea50d1cbac27 -> 
  custom:video-encoder-webm-vp8: eb34c28f22e8b96e1ab97ce403110664 -> 
  custom:video-decoder-webm-vp8: 9c59270c3fd7afecdb556c50c9e8de78 -> 
  custom:audio-decoder-ogg-vorbis: bf7c407c2cedff20999df2af8eb42d56 -> 
  custom:audio-encoder-webm-vorbis: bf7c407c2cedff20999df2af8eb42d56 -> 
========================================================================
Received Prepare
Registering precompiled user dll's ...
Registered in 0.007984 seconds.
Begin MonoManager ReloadAssembly
Native extension for WindowsStandalone target not found
Native extension for WebGL target not found
Refreshing native plugins compatible for Editor in 0.56 ms, found 2 plugins.
Preloading 0 native plugins for Editor in 0.00 ms.
Mono: successfully reloaded assembly
- Completed reload, in  1.438 seconds
Domain Reload Profiling:
	ReloadAssembly (1439ms)
		BeginReloadAssembly (165ms)
			ExecutionOrderSort (0ms)
			DisableScriptedObjects (8ms)
			BackupInstance (0ms)
			ReleaseScriptingObjects (0ms)
			CreateAndSetChildDomain (45ms)
		EndReloadAssembly (1176ms)
			LoadAssemblies (130ms)
			RebuildTransferFunctionScriptingTraits (0ms)
			SetupTypeCache (399ms)
			ReleaseScriptCaches (1ms)
			RebuildScriptCaches (58ms)
			SetupLoadedEditorAssemblies (444ms)
				LogAssemblyErrors (0ms)
				InitializePlatformSupportModulesInManaged (9ms)
				SetLoadedEditorAssemblies (1ms)
				RefreshPlugins (1ms)
				BeforeProcessingInitializeOnLoad (109ms)
				ProcessInitializeOnLoadAttributes (303ms)
				ProcessInitializeOnLoadMethodAttributes (12ms)
				AfterProcessingInitializeOnLoad (10ms)
				EditorAssembliesLoaded (0ms)
			ExecutionOrderSort2 (0ms)
			AwakeInstancesAfterBackupRestoration (10ms)
Platform modules already initialized, skipping
Refreshing native plugins compatible for Editor in 0.60 ms, found 2 plugins.
Preloading 0 native plugins for Editor in 0.00 ms.
Unloading 1488 Unused Serialized files (Serialized files now loaded: 0)
System memory in use before: 68.8 MB.
System memory in use after: 68.9 MB.

Unloading 14 unused Assets to reduce memory usage. Loaded Objects now: 1936.
Total: 3.712300 ms (FindLiveObjects: 0.176800 ms CreateObjectMapping: 0.149500 ms MarkObjects: 3.358800 ms  DeleteObjects: 0.025500 ms)

AssetImportParameters requested are different than current active one (requested -> active):
  custom:framework-win-MediaFoundation: 216162199b28c13a410421893ffa2e32 -> 
  custom:video-decoder-ogg-theora: a1e56fd34408186e4bbccfd4996cb3dc -> 
  custom:container-muxer-webm: aa71ff27fc2769a1b78a27578f13a17b -> 
  custom:container-demuxer-webm: 4f35f7cbe854078d1ac9338744f61a02 -> 
  custom:container-demuxer-ogg: 62fdf1f143b41e24485cea50d1cbac27 -> 
  custom:video-encoder-webm-vp8: eb34c28f22e8b96e1ab97ce403110664 -> 
  custom:video-decoder-webm-vp8: 9c59270c3fd7afecdb556c50c9e8de78 -> 
  custom:audio-decoder-ogg-vorbis: bf7c407c2cedff20999df2af8eb42d56 -> 
  custom:audio-encoder-webm-vorbis: bf7c407c2cedff20999df2af8eb42d56 -> 
========================================================================
Received Import Request.
  Time since last request: 1494.160639 seconds.
  path: Assets/Audio/Countdown.wav
  artifactKey: Guid(1a3cbc570b19795499fe34c814611792) Importer(815301076,1909f56bfc062723c751e8b465ee728b)
Start importing Assets/Audio/Countdown.wav using Guid(1a3cbc570b19795499fe34c814611792) Importer(815301076,1909f56bfc062723c751e8b465ee728b)  -> (artifact id: 'fb50b45f5254175a5bfab615cfc70f03') in 0.192890 seconds 
  Import took 0.196354 seconds .

========================================================================
Received Import Request.
  Time since last request: 0.000276 seconds.
  path: Assets/Audio/Taco Bell 'Bong' SFX.wav
  artifactKey: Guid(b9a11a499b069b04fba0141fe81c37af) Importer(815301076,1909f56bfc062723c751e8b465ee728b)
Start importing Assets/Audio/Taco Bell 'Bong' SFX.wav using Guid(b9a11a499b069b04fba0141fe81c37af) Importer(815301076,1909f56bfc062723c751e8b465ee728b)  -> (artifact id: '89beea40598897084075db7fd058cae6') in 0.015559 seconds 
  Import took 0.018856 seconds .

========================================================================
Received Import Request.
  Time since last request: 0.000277 seconds.
  path: Assets/Audio/WindSFX.wav
  artifactKey: Guid(477390d9679029347a42da83d0ffbd3a) Importer(815301076,1909f56bfc062723c751e8b465ee728b)
Start importing Assets/Audio/WindSFX.wav using Guid(477390d9679029347a42da83d0ffbd3a) Importer(815301076,1909f56bfc062723c751e8b465ee728b)  -> (artifact id: 'fea1903d9f197283a7b0d3bf99825b5e') in 0.016889 seconds 
  Import took 0.019775 seconds .

========================================================================
Received Import Request.
  Time since last request: 0.000313 seconds.
  path: Assets/Audio/night night.wav
  artifactKey: Guid(827d0e6c957e70f4c953f84d262800f2) Importer(815301076,1909f56bfc062723c751e8b465ee728b)
Start importing Assets/Audio/night night.wav using Guid(827d0e6c957e70f4c953f84d262800f2) Importer(815301076,1909f56bfc062723c751e8b465ee728b)  -> (artifact id: 'a697ec646be722eba9949105da1f0d1f') in 0.021374 seconds 
  Import took 0.025933 seconds .

========================================================================
Received Import Request.
  Time since last request: 0.000341 seconds.
  path: Assets/Audio/Cowboys Duel.mp3
  artifactKey: Guid(da4f6b23612262544bb46c916a994756) Importer(815301076,1909f56bfc062723c751e8b465ee728b)
Start importing Assets/Audio/Cowboys Duel.mp3 using Guid(da4f6b23612262544bb46c916a994756) Importer(815301076,1909f56bfc062723c751e8b465ee728b)  -> (artifact id: 'b53d970e32ea7e15031cdeb908cb6164') in 0.016133 seconds 
  Import took 0.019230 seconds .

========================================================================
Received Import Request.
  Time since last request: 0.000348 seconds.
  path: Assets/Audio/WatchAndLearnMcCree.wav
  artifactKey: Guid(09048de4f09178b46a8af04fb10742aa) Importer(815301076,1909f56bfc062723c751e8b465ee728b)
Start importing Assets/Audio/WatchAndLearnMcCree.wav using Guid(09048de4f09178b46a8af04fb10742aa) Importer(815301076,1909f56bfc062723c751e8b465ee728b)  -> (artifact id: '1446431647e5ae466d6eb1f5728dbf5f') in 0.014623 seconds 
  Import took 0.017610 seconds .

========================================================================
Received Import Request.
  Time since last request: 0.000264 seconds.
  path: Assets/Audio/GunShotSFX.wav
  artifactKey: Guid(97f2835956d345e49a8bcf5150fb7a17) Importer(815301076,1909f56bfc062723c751e8b465ee728b)
Start importing Assets/Audio/GunShotSFX.wav using Guid(97f2835956d345e49a8bcf5150fb7a17) Importer(815301076,1909f56bfc062723c751e8b465ee728b)  -> (artifact id: 'aaebc569d465da78d771590c36fcd21a') in 0.026799 seconds 
  Import took 0.029922 seconds .

========================================================================
Received Import Request.
  Time since last request: 272.538273 seconds.
  path: Assets/Texture and Object/Pro_Western_Starter_Pack/Materials/Axe.mat
  artifactKey: Guid(88540ec790e5b55459e669b0353c2b5d) Importer(815301076,1909f56bfc062723c751e8b465ee728b)
Start importing Assets/Texture and Object/Pro_Western_Starter_Pack/Materials/Axe.mat using Guid(88540ec790e5b55459e669b0353c2b5d) Importer(815301076,1909f56bfc062723c751e8b465ee728b)  -> (artifact id: 'e38d997d68ba3084295359b114b201b0') in 0.250285 seconds 
  Import took 0.254739 seconds .

========================================================================
Received Import Request.
  Time since last request: 0.000273 seconds.
  path: Assets/Texture and Object/Pro_Western_Starter_Pack/Materials/Bones.mat
  artifactKey: Guid(e33dee9f4ad8ae7419cd1b4b35bef190) Importer(815301076,1909f56bfc062723c751e8b465ee728b)
Start importing Assets/Texture and Object/Pro_Western_Starter_Pack/Materials/Bones.mat using Guid(e33dee9f4ad8ae7419cd1b4b35bef190) Importer(815301076,1909f56bfc062723c751e8b465ee728b)  -> (artifact id: '3e7c37b7079185f2ab2a5e063f401b1c') in 0.027671 seconds 
  Import took 0.030717 seconds .

========================================================================
Received Import Request.
  Time since last request: 0.000287 seconds.
  path: Assets/Texture and Object/Pro_Western_Starter_Pack/Materials/Barrel.mat
  artifactKey: Guid(47e5dfe4af1be2b4ea3935f4cd91e330) Importer(815301076,1909f56bfc062723c751e8b465ee728b)
Start importing Assets/Texture and Object/Pro_Western_Starter_Pack/Materials/Barrel.mat using Guid(47e5dfe4af1be2b4ea3935f4cd91e330) Importer(815301076,1909f56bfc062723c751e8b465ee728b)  -> (artifact id: '0220320d43dee8cd4c3c1bb30c1af260') in 0.025629 seconds 
  Import took 0.029866 seconds .

========================================================================
Received Import Request.
  Time since last request: 0.000314 seconds.
  path: Assets/Texture and Object/Pro_Western_Starter_Pack/Materials/Cactus.mat
  artifactKey: Guid(94e1f513d5f2d634b83f2d7d5c39c304) Importer(815301076,1909f56bfc062723c751e8b465ee728b)
Start importing Assets/Texture and Object/Pro_Western_Starter_Pack/Materials/Cactus.mat using Guid(94e1f513d5f2d634b83f2d7d5c39c304) Importer(815301076,1909f56bfc062723c751e8b465ee728b)  -> (artifact id: '0f4a9b71c49eaa0087a1a43ba23c7c35') in 0.023737 seconds 
  Import took 0.028331 seconds .

========================================================================
Received Import Request.
  Time since last request: 0.000320 seconds.
  path: Assets/Texture and Object/Pro_Western_Starter_Pack/Materials/Bush.mat
  artifactKey: Guid(e72747a1af2ad8941851cb632a22c739) Importer(815301076,1909f56bfc062723c751e8b465ee728b)
Start importing Assets/Texture and Object/Pro_Western_Starter_Pack/Materials/Bush.mat using Guid(e72747a1af2ad8941851cb632a22c739) Importer(815301076,1909f56bfc062723c751e8b465ee728b)  -> (artifact id: '2a3da550ee75d7dec3cd7a4875bdad18') in 0.134030 seconds 
  Import took 0.137338 seconds .

========================================================================
Received Import Request.
  Time since last request: 0.000345 seconds.
  path: Assets/Texture and Object/Pro_Western_Starter_Pack/Materials/Axe_FX.mat
  artifactKey: Guid(397a2a970fb887248b576ecaa4f65ddb) Importer(815301076,1909f56bfc062723c751e8b465ee728b)
Start importing Assets/Texture and Object/Pro_Western_Starter_Pack/Materials/Axe_FX.mat using Guid(397a2a970fb887248b576ecaa4f65ddb) Importer(815301076,1909f56bfc062723c751e8b465ee728b)  -> (artifact id: '518d3f2780c34c6558b0c7f8ed2964ee') in 0.069633 seconds 
  Import took 0.074169 seconds .

========================================================================
Received Import Request.
  Time since last request: 0.903189 seconds.
  path: Assets/Texture and Object/Pro_Western_Starter_Pack/Prefabs/Axe.prefab
  artifactKey: Guid(3c7f8f5959ce76a4c81e42ce980e0e9a) Importer(815301076,1909f56bfc062723c751e8b465ee728b)
Start importing Assets/Texture and Object/Pro_Western_Starter_Pack/Prefabs/Axe.prefab using Guid(3c7f8f5959ce76a4c81e42ce980e0e9a) Importer(815301076,1909f56bfc062723c751e8b465ee728b)  -> (artifact id: '93b13657b1cea70682d030249a8ae716') in 0.043134 seconds 
  Import took 0.046498 seconds .

========================================================================
Received Import Request.
  Time since last request: 0.000303 seconds.
  path: Assets/Texture and Object/Pro_Western_Starter_Pack/Prefabs/Broken_Bottle.prefab
  artifactKey: Guid(e06c74beafc8ed64ea1c438a58da2d49) Importer(815301076,1909f56bfc062723c751e8b465ee728b)
Start importing Assets/Texture and Object/Pro_Western_Starter_Pack/Prefabs/Broken_Bottle.prefab using Guid(e06c74beafc8ed64ea1c438a58da2d49) Importer(815301076,1909f56bfc062723c751e8b465ee728b)  -> (artifact id: 'deff77f6797a863206603a32123f294f') in 0.124093 seconds 
  Import took 0.126918 seconds .

========================================================================
Received Import Request.
  Time since last request: 0.000288 seconds.
  path: Assets/Texture and Object/Pro_Western_Starter_Pack/Prefabs/Boots.prefab
  artifactKey: Guid(b53fe8b6f1bba53469387ea6f785215b) Importer(815301076,1909f56bfc062723c751e8b465ee728b)
Start importing Assets/Texture and Object/Pro_Western_Starter_Pack/Prefabs/Boots.prefab using Guid(b53fe8b6f1bba53469387ea6f785215b) Importer(815301076,1909f56bfc062723c751e8b465ee728b)  -> (artifact id: '947ef18700f9e7fdf1dd23a5d11f51e1') in 0.029946 seconds 
  Import took 0.032906 seconds .

========================================================================
Received Import Request.
  Time since last request: 0.000326 seconds.
  path: Assets/Texture and Object/Pro_Western_Starter_Pack/Prefabs/Barrel1.prefab
  artifactKey: Guid(8cfc1d29e4173284d9fa07ef5043a1a2) Importer(815301076,1909f56bfc062723c751e8b465ee728b)
Start importing Assets/Texture and Object/Pro_Western_Starter_Pack/Prefabs/Barrel1.prefab using Guid(8cfc1d29e4173284d9fa07ef5043a1a2) Importer(815301076,1909f56bfc062723c751e8b465ee728b)  -> (artifact id: '09e15f3d0a57a34a7a39b56f7c238491') in 0.023384 seconds 
  Import took 0.027131 seconds .

========================================================================
Received Import Request.
  Time since last request: 0.000336 seconds.
  path: Assets/Texture and Object/Pro_Western_Starter_Pack/Prefabs/Bones2.prefab
  artifactKey: Guid(fede63f1d44e3974b96d7cce9660369e) Importer(815301076,1909f56bfc062723c751e8b465ee728b)
Start importing Assets/Texture and Object/Pro_Western_Starter_Pack/Prefabs/Bones2.prefab using Guid(fede63f1d44e3974b96d7cce9660369e) Importer(815301076,1909f56bfc062723c751e8b465ee728b)  -> (artifact id: 'e19aa60b1d3589a032e282df3d2b3d1f') in 0.021447 seconds 
  Import took 0.025121 seconds .

========================================================================
Received Import Request.
  Time since last request: 0.825738 seconds.
  path: Assets/Texture and Object/Pro_Western_Starter_Pack/Prefabs/BushB1.prefab
  artifactKey: Guid(7fbb6be208c3d0847949b89aace8a70e) Importer(815301076,1909f56bfc062723c751e8b465ee728b)
Start importing Assets/Texture and Object/Pro_Western_Starter_Pack/Prefabs/BushB1.prefab using Guid(7fbb6be208c3d0847949b89aace8a70e) Importer(815301076,1909f56bfc062723c751e8b465ee728b)  -> (artifact id: '8101c9bd173a79b20eec9ed5340280a8') in 0.019840 seconds 
  Import took 0.023157 seconds .

========================================================================
Received Import Request.
  Time since last request: 5.234279 seconds.
  path: Assets/Texture and Object/Pro_Western_Starter_Pack/Prefabs/BushB2.prefab
  artifactKey: Guid(b8f4316c3d8e9a542a4f3cd0da19511c) Importer(815301076,1909f56bfc062723c751e8b465ee728b)
Start importing Assets/Texture and Object/Pro_Western_Starter_Pack/Prefabs/BushB2.prefab using Guid(b8f4316c3d8e9a542a4f3cd0da19511c) Importer(815301076,1909f56bfc062723c751e8b465ee728b)  -> (artifact id: 'e5d8098d33fa6d210c99a8ecc7db7268') in 0.020096 seconds 
  Import took 0.023982 seconds .

========================================================================
Received Import Request.
  Time since last request: 0.013412 seconds.
  path: Assets/Texture and Object/Pro_Western_Starter_Pack/Prefabs/Cactus1.prefab
  artifactKey: Guid(14ac836902b5da84f965071defa2c280) Importer(815301076,1909f56bfc062723c751e8b465ee728b)
Start importing Assets/Texture and Object/Pro_Western_Starter_Pack/Prefabs/Cactus1.prefab using Guid(14ac836902b5da84f965071defa2c280) Importer(815301076,1909f56bfc062723c751e8b465ee728b)  -> (artifact id: '584d5f5375bb9d0a88687c76a8da50d2') in 0.020991 seconds 
  Import took 0.024334 seconds .

========================================================================
Received Import Request.
  Time since last request: 0.486538 seconds.
  path: Assets/Texture and Object/Pro_Western_Starter_Pack/Prefabs/char02.prefab
  artifactKey: Guid(a5fb8724e1ce08944809ff1e99de1340) Importer(815301076,1909f56bfc062723c751e8b465ee728b)
Start importing Assets/Texture and Object/Pro_Western_Starter_Pack/Prefabs/char02.prefab using Guid(a5fb8724e1ce08944809ff1e99de1340) Importer(815301076,1909f56bfc062723c751e8b465ee728b)  -> (artifact id: '3adcf4fb8289f5465f16e022659eca3b') in 0.060050 seconds 
  Import took 0.063562 seconds .

========================================================================
Received Import Request.
  Time since last request: 0.014020 seconds.
  path: Assets/Texture and Object/Pro_Western_Starter_Pack/Prefabs/CityBuilding1.prefab
  artifactKey: Guid(02898c907748b9f47824b7af54fbcb12) Importer(815301076,1909f56bfc062723c751e8b465ee728b)
Start importing Assets/Texture and Object/Pro_Western_Starter_Pack/Prefabs/CityBuilding1.prefab using Guid(02898c907748b9f47824b7af54fbcb12) Importer(815301076,1909f56bfc062723c751e8b465ee728b)  -> (artifact id: '2fb2edf7946241b3d65ea679355fa81f') in 0.037225 seconds 
  Import took 0.040545 seconds .

========================================================================
Received Import Request.
  Time since last request: 0.601008 seconds.
  path: Assets/Texture and Object/Pro_Western_Starter_Pack/Prefabs/Clairon.prefab
  artifactKey: Guid(c65030ca80f1346418f19548bc54e6c7) Importer(815301076,1909f56bfc062723c751e8b465ee728b)
Start importing Assets/Texture and Object/Pro_Western_Starter_Pack/Prefabs/Clairon.prefab using Guid(c65030ca80f1346418f19548bc54e6c7) Importer(815301076,1909f56bfc062723c751e8b465ee728b)  -> (artifact id: 'eaf39c8f4ecbc0b42dea8be57dd05c3c') in 0.038220 seconds 
  Import took 0.043279 seconds .

========================================================================
Received Import Request.
  Time since last request: 0.072466 seconds.
  path: Assets/Texture and Object/Pro_Western_Starter_Pack/Prefabs/coin.prefab
  artifactKey: Guid(60d8dd361a69dc844abd2f613ab08714) Importer(815301076,1909f56bfc062723c751e8b465ee728b)
Start importing Assets/Texture and Object/Pro_Western_Starter_Pack/Prefabs/coin.prefab using Guid(60d8dd361a69dc844abd2f613ab08714) Importer(815301076,1909f56bfc062723c751e8b465ee728b)  -> (artifact id: '2cfe73bc3a2168ad5b622645bc7dfff7') in 0.034927 seconds 
  Import took 0.040499 seconds .

========================================================================
Received Import Request.
  Time since last request: 0.000365 seconds.
  path: Assets/Texture and Object/Pro_Western_Starter_Pack/Prefabs/Cooker2.prefab
  artifactKey: Guid(fba7f92d4299b9443ba349b69e8c3f7f) Importer(815301076,1909f56bfc062723c751e8b465ee728b)
Start importing Assets/Texture and Object/Pro_Western_Starter_Pack/Prefabs/Cooker2.prefab using Guid(fba7f92d4299b9443ba349b69e8c3f7f) Importer(815301076,1909f56bfc062723c751e8b465ee728b)  -> (artifact id: 'ab096db1e667f3121aad71ab52ec3462') in 0.047903 seconds 
  Import took 0.052342 seconds .

========================================================================
Received Import Request.
  Time since last request: 0.708204 seconds.
  path: Assets/Texture and Object/Pro_Western_Starter_Pack/Prefabs/Crate1.prefab
  artifactKey: Guid(a279134aaee12e9438b491ed0c083ba3) Importer(815301076,1909f56bfc062723c751e8b465ee728b)
Start importing Assets/Texture and Object/Pro_Western_Starter_Pack/Prefabs/Crate1.prefab using Guid(a279134aaee12e9438b491ed0c083ba3) Importer(815301076,1909f56bfc062723c751e8b465ee728b)  -> (artifact id: '13fb263ca30f1bc46769000d7bf18e97') in 0.027659 seconds 
  Import took 0.031761 seconds .

========================================================================
Received Import Request.
  Time since last request: 0.463474 seconds.
  path: Assets/Texture and Object/Pro_Western_Starter_Pack/Prefabs/Fence1.prefab
  artifactKey: Guid(ce9ff620d79392c4c8280b4156f55870) Importer(815301076,1909f56bfc062723c751e8b465ee728b)
Start importing Assets/Texture and Object/Pro_Western_Starter_Pack/Prefabs/Fence1.prefab using Guid(ce9ff620d79392c4c8280b4156f55870) Importer(815301076,1909f56bfc062723c751e8b465ee728b)  -> (artifact id: '8d5e56c13878a3becaeb6f6960dd7253') in 0.027603 seconds 
  Import took 0.030932 seconds .

========================================================================
Received Import Request.
  Time since last request: 335.980676 seconds.
  path: Assets/Script
  artifactKey: Guid(7629b67e0a0b6ad4e965d0e0b875a447) Importer(815301076,1909f56bfc062723c751e8b465ee728b)
Start importing Assets/Script using Guid(7629b67e0a0b6ad4e965d0e0b875a447) Importer(815301076,1909f56bfc062723c751e8b465ee728b)  -> (artifact id: 'c3bf90d3b2ad740d5ac5a2e3064febc6') in 0.004432 seconds 
  Import took 0.009137 seconds .

========================================================================
Received Prepare
Registering precompiled user dll's ...
Registered in 0.009039 seconds.
Begin MonoManager ReloadAssembly
Native extension for WindowsStandalone target not found
Native extension for WebGL target not found
Refreshing native plugins compatible for Editor in 0.75 ms, found 2 plugins.
Preloading 0 native plugins for Editor in 0.00 ms.
Mono: successfully reloaded assembly
- Completed reload, in  1.523 seconds
Domain Reload Profiling:
	ReloadAssembly (1524ms)
		BeginReloadAssembly (169ms)
			ExecutionOrderSort (0ms)
			DisableScriptedObjects (7ms)
			BackupInstance (0ms)
			ReleaseScriptingObjects (0ms)
			CreateAndSetChildDomain (57ms)
		EndReloadAssembly (1257ms)
			LoadAssemblies (130ms)
			RebuildTransferFunctionScriptingTraits (0ms)
			SetupTypeCache (447ms)
			ReleaseScriptCaches (1ms)
			RebuildScriptCaches (72ms)
			SetupLoadedEditorAssemblies (458ms)
				LogAssemblyErrors (0ms)
				InitializePlatformSupportModulesInManaged (9ms)
				SetLoadedEditorAssemblies (1ms)
				RefreshPlugins (1ms)
				BeforeProcessingInitializeOnLoad (128ms)
				ProcessInitializeOnLoadAttributes (299ms)
				ProcessInitializeOnLoadMethodAttributes (11ms)
				AfterProcessingInitializeOnLoad (10ms)
				EditorAssembliesLoaded (0ms)
			ExecutionOrderSort2 (0ms)
			AwakeInstancesAfterBackupRestoration (10ms)
Platform modules already initialized, skipping
Refreshing native plugins compatible for Editor in 0.56 ms, found 2 plugins.
Preloading 0 native plugins for Editor in 0.00 ms.
Unloading 1489 Unused Serialized files (Serialized files now loaded: 0)
System memory in use before: 85.9 MB.
System memory in use after: 86.0 MB.

Unloading 14 unused Assets to reduce memory usage. Loaded Objects now: 1983.
Total: 3.581800 ms (FindLiveObjects: 0.184400 ms CreateObjectMapping: 0.066700 ms MarkObjects: 3.301200 ms  DeleteObjects: 0.027400 ms)

AssetImportParameters requested are different than current active one (requested -> active):
  custom:framework-win-MediaFoundation: 216162199b28c13a410421893ffa2e32 -> 
  custom:video-decoder-ogg-theora: a1e56fd34408186e4bbccfd4996cb3dc -> 
  custom:container-muxer-webm: aa71ff27fc2769a1b78a27578f13a17b -> 
  custom:container-demuxer-webm: 4f35f7cbe854078d1ac9338744f61a02 -> 
  custom:container-demuxer-ogg: 62fdf1f143b41e24485cea50d1cbac27 -> 
  custom:video-encoder-webm-vp8: eb34c28f22e8b96e1ab97ce403110664 -> 
  custom:video-decoder-webm-vp8: 9c59270c3fd7afecdb556c50c9e8de78 -> 
  custom:audio-decoder-ogg-vorbis: bf7c407c2cedff20999df2af8eb42d56 -> 
  custom:audio-encoder-webm-vorbis: bf7c407c2cedff20999df2af8eb42d56 -> 
========================================================================
Received Import Request.
  Time since last request: 21.095087 seconds.
  path: Assets/Script/Coin Behavior.cs
  artifactKey: Guid(37126d0e01d4ec34ab17aa7f0b1c51b1) Importer(815301076,1909f56bfc062723c751e8b465ee728b)
Start importing Assets/Script/Coin Behavior.cs using Guid(37126d0e01d4ec34ab17aa7f0b1c51b1) Importer(815301076,1909f56bfc062723c751e8b465ee728b)  -> (artifact id: '8303e13bb948c278a73b5a43d7e5518a') in 0.056910 seconds 
  Import took 0.060914 seconds .

========================================================================
Received Prepare
Registering precompiled user dll's ...
Registered in 0.008840 seconds.
Begin MonoManager ReloadAssembly
Native extension for WindowsStandalone target not found
Native extension for WebGL target not found
Refreshing native plugins compatible for Editor in 0.82 ms, found 2 plugins.
Preloading 0 native plugins for Editor in 0.00 ms.
Mono: successfully reloaded assembly
- Completed reload, in  1.812 seconds
Domain Reload Profiling:
	ReloadAssembly (1813ms)
		BeginReloadAssembly (164ms)
			ExecutionOrderSort (0ms)
			DisableScriptedObjects (6ms)
			BackupInstance (0ms)
			ReleaseScriptingObjects (0ms)
			CreateAndSetChildDomain (44ms)
		EndReloadAssembly (1540ms)
			LoadAssemblies (134ms)
			RebuildTransferFunctionScriptingTraits (0ms)
			SetupTypeCache (574ms)
			ReleaseScriptCaches (2ms)
			RebuildScriptCaches (81ms)
			SetupLoadedEditorAssemblies (510ms)
				LogAssemblyErrors (0ms)
				InitializePlatformSupportModulesInManaged (11ms)
				SetLoadedEditorAssemblies (1ms)
				RefreshPlugins (1ms)
				BeforeProcessingInitializeOnLoad (137ms)
				ProcessInitializeOnLoadAttributes (335ms)
				ProcessInitializeOnLoadMethodAttributes (12ms)
				AfterProcessingInitializeOnLoad (12ms)
				EditorAssembliesLoaded (1ms)
			ExecutionOrderSort2 (0ms)
			AwakeInstancesAfterBackupRestoration (12ms)
Platform modules already initialized, skipping
Refreshing native plugins compatible for Editor in 0.74 ms, found 2 plugins.
Preloading 0 native plugins for Editor in 0.00 ms.
Unloading 1489 Unused Serialized files (Serialized files now loaded: 0)
System memory in use before: 85.9 MB.
System memory in use after: 86.0 MB.

Unloading 14 unused Assets to reduce memory usage. Loaded Objects now: 1985.
Total: 4.247500 ms (FindLiveObjects: 0.289300 ms CreateObjectMapping: 0.075500 ms MarkObjects: 3.849000 ms  DeleteObjects: 0.031000 ms)

AssetImportParameters requested are different than current active one (requested -> active):
  custom:framework-win-MediaFoundation: 216162199b28c13a410421893ffa2e32 -> 
  custom:video-decoder-ogg-theora: a1e56fd34408186e4bbccfd4996cb3dc -> 
  custom:container-muxer-webm: aa71ff27fc2769a1b78a27578f13a17b -> 
  custom:container-demuxer-webm: 4f35f7cbe854078d1ac9338744f61a02 -> 
  custom:container-demuxer-ogg: 62fdf1f143b41e24485cea50d1cbac27 -> 
  custom:video-encoder-webm-vp8: eb34c28f22e8b96e1ab97ce403110664 -> 
  custom:video-decoder-webm-vp8: 9c59270c3fd7afecdb556c50c9e8de78 -> 
  custom:audio-decoder-ogg-vorbis: bf7c407c2cedff20999df2af8eb42d56 -> 
  custom:audio-encoder-webm-vorbis: bf7c407c2cedff20999df2af8eb42d56 -> 
========================================================================
Received Import Request.
  Time since last request: 671.323946 seconds.
  path: Assets/Script/Coin Behavior.cs
  artifactKey: Guid(37126d0e01d4ec34ab17aa7f0b1c51b1) Importer(815301076,1909f56bfc062723c751e8b465ee728b)
Start importing Assets/Script/Coin Behavior.cs using Guid(37126d0e01d4ec34ab17aa7f0b1c51b1) Importer(815301076,1909f56bfc062723c751e8b465ee728b)  -> (artifact id: '152be1be5111b56f6fd2168688accbf0') in 0.008142 seconds 
  Import took 0.011869 seconds .

========================================================================
Received Prepare
Registering precompiled user dll's ...
Registered in 0.008708 seconds.
Begin MonoManager ReloadAssembly
Native extension for WindowsStandalone target not found
Native extension for WebGL target not found
Refreshing native plugins compatible for Editor in 0.60 ms, found 2 plugins.
Preloading 0 native plugins for Editor in 0.00 ms.
Mono: successfully reloaded assembly
- Completed reload, in  1.437 seconds
Domain Reload Profiling:
	ReloadAssembly (1438ms)
		BeginReloadAssembly (152ms)
			ExecutionOrderSort (0ms)
			DisableScriptedObjects (7ms)
			BackupInstance (0ms)
			ReleaseScriptingObjects (0ms)
			CreateAndSetChildDomain (42ms)
		EndReloadAssembly (1192ms)
			LoadAssemblies (127ms)
			RebuildTransferFunctionScriptingTraits (0ms)
			SetupTypeCache (420ms)
			ReleaseScriptCaches (1ms)
			RebuildScriptCaches (57ms)
			SetupLoadedEditorAssemblies (451ms)
				LogAssemblyErrors (0ms)
				InitializePlatformSupportModulesInManaged (10ms)
				SetLoadedEditorAssemblies (1ms)
				RefreshPlugins (1ms)
				BeforeProcessingInitializeOnLoad (109ms)
				ProcessInitializeOnLoadAttributes (308ms)
				ProcessInitializeOnLoadMethodAttributes (11ms)
				AfterProcessingInitializeOnLoad (11ms)
				EditorAssembliesLoaded (0ms)
			ExecutionOrderSort2 (0ms)
			AwakeInstancesAfterBackupRestoration (10ms)
Platform modules already initialized, skipping
Refreshing native plugins compatible for Editor in 0.56 ms, found 2 plugins.
Preloading 0 native plugins for Editor in 0.00 ms.
Unloading 1489 Unused Serialized files (Serialized files now loaded: 0)
System memory in use before: 85.9 MB.
System memory in use after: 86.0 MB.

Unloading 14 unused Assets to reduce memory usage. Loaded Objects now: 1987.
Total: 3.478100 ms (FindLiveObjects: 0.184400 ms CreateObjectMapping: 0.066400 ms MarkObjects: 3.198600 ms  DeleteObjects: 0.026700 ms)

AssetImportParameters requested are different than current active one (requested -> active):
  custom:framework-win-MediaFoundation: 216162199b28c13a410421893ffa2e32 -> 
  custom:video-decoder-ogg-theora: a1e56fd34408186e4bbccfd4996cb3dc -> 
  custom:container-muxer-webm: aa71ff27fc2769a1b78a27578f13a17b -> 
  custom:container-demuxer-webm: 4f35f7cbe854078d1ac9338744f61a02 -> 
  custom:container-demuxer-ogg: 62fdf1f143b41e24485cea50d1cbac27 -> 
  custom:video-encoder-webm-vp8: eb34c28f22e8b96e1ab97ce403110664 -> 
  custom:video-decoder-webm-vp8: 9c59270c3fd7afecdb556c50c9e8de78 -> 
  custom:audio-decoder-ogg-vorbis: bf7c407c2cedff20999df2af8eb42d56 -> 
  custom:audio-encoder-webm-vorbis: bf7c407c2cedff20999df2af8eb42d56 -> 
========================================================================
Received Import Request.
  Time since last request: 64.022813 seconds.
  path: Assets/Script/Coin Behavior.cs
  artifactKey: Guid(37126d0e01d4ec34ab17aa7f0b1c51b1) Importer(815301076,1909f56bfc062723c751e8b465ee728b)
Start importing Assets/Script/Coin Behavior.cs using Guid(37126d0e01d4ec34ab17aa7f0b1c51b1) Importer(815301076,1909f56bfc062723c751e8b465ee728b)  -> (artifact id: '1d31d22233584b7e46bf2d5c083c0b94') in 0.007881 seconds 
  Import took 0.012024 seconds .

========================================================================
Received Prepare
Registering precompiled user dll's ...
Registered in 0.009963 seconds.
Begin MonoManager ReloadAssembly
Native extension for WindowsStandalone target not found
Native extension for WebGL target not found
Refreshing native plugins compatible for Editor in 0.94 ms, found 2 plugins.
Preloading 0 native plugins for Editor in 0.00 ms.
Mono: successfully reloaded assembly
- Completed reload, in  1.505 seconds
Domain Reload Profiling:
	ReloadAssembly (1506ms)
		BeginReloadAssembly (189ms)
			ExecutionOrderSort (0ms)
			DisableScriptedObjects (7ms)
			BackupInstance (0ms)
			ReleaseScriptingObjects (0ms)
			CreateAndSetChildDomain (58ms)
		EndReloadAssembly (1204ms)
			LoadAssemblies (149ms)
			RebuildTransferFunctionScriptingTraits (0ms)
			SetupTypeCache (422ms)
			ReleaseScriptCaches (1ms)
			RebuildScriptCaches (58ms)
			SetupLoadedEditorAssemblies (434ms)
				LogAssemblyErrors (0ms)
				InitializePlatformSupportModulesInManaged (9ms)
				SetLoadedEditorAssemblies (1ms)
				RefreshPlugins (1ms)
				BeforeProcessingInitializeOnLoad (112ms)
				ProcessInitializeOnLoadAttributes (288ms)
				ProcessInitializeOnLoadMethodAttributes (12ms)
				AfterProcessingInitializeOnLoad (10ms)
				EditorAssembliesLoaded (0ms)
			ExecutionOrderSort2 (0ms)
			AwakeInstancesAfterBackupRestoration (11ms)
Platform modules already initialized, skipping
Refreshing native plugins compatible for Editor in 0.58 ms, found 2 plugins.
Preloading 0 native plugins for Editor in 0.00 ms.
Unloading 1489 Unused Serialized files (Serialized files now loaded: 0)
System memory in use before: 85.9 MB.
System memory in use after: 86.0 MB.

Unloading 14 unused Assets to reduce memory usage. Loaded Objects now: 1989.
Total: 3.439100 ms (FindLiveObjects: 0.175300 ms CreateObjectMapping: 0.063300 ms MarkObjects: 3.175700 ms  DeleteObjects: 0.023200 ms)

AssetImportParameters requested are different than current active one (requested -> active):
  custom:framework-win-MediaFoundation: 216162199b28c13a410421893ffa2e32 -> 
  custom:video-decoder-ogg-theora: a1e56fd34408186e4bbccfd4996cb3dc -> 
  custom:container-muxer-webm: aa71ff27fc2769a1b78a27578f13a17b -> 
  custom:container-demuxer-webm: 4f35f7cbe854078d1ac9338744f61a02 -> 
  custom:container-demuxer-ogg: 62fdf1f143b41e24485cea50d1cbac27 -> 
  custom:video-encoder-webm-vp8: eb34c28f22e8b96e1ab97ce403110664 -> 
  custom:video-decoder-webm-vp8: 9c59270c3fd7afecdb556c50c9e8de78 -> 
  custom:audio-decoder-ogg-vorbis: bf7c407c2cedff20999df2af8eb42d56 -> 
  custom:audio-encoder-webm-vorbis: bf7c407c2cedff20999df2af8eb42d56 -> 
========================================================================
Received Import Request.
  Time since last request: 142.763784 seconds.
  path: Assets/Script/CoinBehavior.cs
  artifactKey: Guid(37126d0e01d4ec34ab17aa7f0b1c51b1) Importer(815301076,1909f56bfc062723c751e8b465ee728b)
Start importing Assets/Script/CoinBehavior.cs using Guid(37126d0e01d4ec34ab17aa7f0b1c51b1) Importer(815301076,1909f56bfc062723c751e8b465ee728b)  -> (artifact id: 'bfb5719cd27939611626977f2712a777') in 0.009256 seconds 
  Import took 0.014601 seconds .

========================================================================
Received Prepare
Registering precompiled user dll's ...
Registered in 0.008827 seconds.
Begin MonoManager ReloadAssembly
Native extension for WindowsStandalone target not found
Native extension for WebGL target not found
Refreshing native plugins compatible for Editor in 0.58 ms, found 2 plugins.
Preloading 0 native plugins for Editor in 0.00 ms.
Mono: successfully reloaded assembly
- Completed reload, in  1.712 seconds
Domain Reload Profiling:
	ReloadAssembly (1713ms)
		BeginReloadAssembly (210ms)
			ExecutionOrderSort (0ms)
			DisableScriptedObjects (10ms)
			BackupInstance (0ms)
			ReleaseScriptingObjects (0ms)
			CreateAndSetChildDomain (63ms)
		EndReloadAssembly (1357ms)
			LoadAssemblies (180ms)
			RebuildTransferFunctionScriptingTraits (0ms)
			SetupTypeCache (518ms)
			ReleaseScriptCaches (2ms)
			RebuildScriptCaches (66ms)
			SetupLoadedEditorAssemblies (434ms)
				LogAssemblyErrors (0ms)
				InitializePlatformSupportModulesInManaged (11ms)
				SetLoadedEditorAssemblies (1ms)
				RefreshPlugins (1ms)
				BeforeProcessingInitializeOnLoad (114ms)
				ProcessInitializeOnLoadAttributes (282ms)
				ProcessInitializeOnLoadMethodAttributes (13ms)
				AfterProcessingInitializeOnLoad (13ms)
				EditorAssembliesLoaded (0ms)
			ExecutionOrderSort2 (0ms)
			AwakeInstancesAfterBackupRestoration (11ms)
Platform modules already initialized, skipping
Refreshing native plugins compatible for Editor in 0.57 ms, found 2 plugins.
Preloading 0 native plugins for Editor in 0.00 ms.
Unloading 1489 Unused Serialized files (Serialized files now loaded: 0)
System memory in use before: 85.9 MB.
System memory in use after: 86.0 MB.

Unloading 14 unused Assets to reduce memory usage. Loaded Objects now: 1991.
Total: 3.298500 ms (FindLiveObjects: 0.176600 ms CreateObjectMapping: 0.065800 ms MarkObjects: 3.032400 ms  DeleteObjects: 0.022000 ms)

AssetImportParameters requested are different than current active one (requested -> active):
  custom:framework-win-MediaFoundation: 216162199b28c13a410421893ffa2e32 -> 
  custom:video-decoder-ogg-theora: a1e56fd34408186e4bbccfd4996cb3dc -> 
  custom:container-muxer-webm: aa71ff27fc2769a1b78a27578f13a17b -> 
  custom:container-demuxer-webm: 4f35f7cbe854078d1ac9338744f61a02 -> 
  custom:container-demuxer-ogg: 62fdf1f143b41e24485cea50d1cbac27 -> 
  custom:video-encoder-webm-vp8: eb34c28f22e8b96e1ab97ce403110664 -> 
  custom:video-decoder-webm-vp8: 9c59270c3fd7afecdb556c50c9e8de78 -> 
  custom:audio-decoder-ogg-vorbis: bf7c407c2cedff20999df2af8eb42d56 -> 
  custom:audio-encoder-webm-vorbis: bf7c407c2cedff20999df2af8eb42d56 -> 
========================================================================
Received Prepare
Registering precompiled user dll's ...
Registered in 0.006322 seconds.
Begin MonoManager ReloadAssembly
Native extension for WindowsStandalone target not found
Native extension for WebGL target not found
Refreshing native plugins compatible for Editor in 0.57 ms, found 2 plugins.
Preloading 0 native plugins for Editor in 0.00 ms.
Mono: successfully reloaded assembly
- Completed reload, in  1.674 seconds
Domain Reload Profiling:
	ReloadAssembly (1674ms)
		BeginReloadAssembly (213ms)
			ExecutionOrderSort (0ms)
			DisableScriptedObjects (11ms)
			BackupInstance (0ms)
			ReleaseScriptingObjects (0ms)
			CreateAndSetChildDomain (59ms)
		EndReloadAssembly (1330ms)
			LoadAssemblies (180ms)
			RebuildTransferFunctionScriptingTraits (0ms)
			SetupTypeCache (532ms)
			ReleaseScriptCaches (2ms)
			RebuildScriptCaches (65ms)
			SetupLoadedEditorAssemblies (419ms)
				LogAssemblyErrors (0ms)
				InitializePlatformSupportModulesInManaged (9ms)
				SetLoadedEditorAssemblies (1ms)
				RefreshPlugins (1ms)
				BeforeProcessingInitializeOnLoad (103ms)
				ProcessInitializeOnLoadAttributes (278ms)
				ProcessInitializeOnLoadMethodAttributes (16ms)
				AfterProcessingInitializeOnLoad (11ms)
				EditorAssembliesLoaded (0ms)
			ExecutionOrderSort2 (0ms)
			AwakeInstancesAfterBackupRestoration (10ms)
Platform modules already initialized, skipping
Refreshing native plugins compatible for Editor in 0.86 ms, found 2 plugins.
Preloading 0 native plugins for Editor in 0.00 ms.
Unloading 1489 Unused Serialized files (Serialized files now loaded: 0)
System memory in use before: 85.9 MB.
System memory in use after: 86.0 MB.

Unloading 14 unused Assets to reduce memory usage. Loaded Objects now: 1993.
Total: 4.292000 ms (FindLiveObjects: 0.224700 ms CreateObjectMapping: 0.086100 ms MarkObjects: 3.951500 ms  DeleteObjects: 0.027600 ms)

AssetImportParameters requested are different than current active one (requested -> active):
  custom:framework-win-MediaFoundation: 216162199b28c13a410421893ffa2e32 -> 
  custom:video-decoder-ogg-theora: a1e56fd34408186e4bbccfd4996cb3dc -> 
  custom:container-muxer-webm: aa71ff27fc2769a1b78a27578f13a17b -> 
  custom:container-demuxer-webm: 4f35f7cbe854078d1ac9338744f61a02 -> 
  custom:container-demuxer-ogg: 62fdf1f143b41e24485cea50d1cbac27 -> 
  custom:video-encoder-webm-vp8: eb34c28f22e8b96e1ab97ce403110664 -> 
  custom:video-decoder-webm-vp8: 9c59270c3fd7afecdb556c50c9e8de78 -> 
  custom:audio-decoder-ogg-vorbis: bf7c407c2cedff20999df2af8eb42d56 -> 
  custom:audio-encoder-webm-vorbis: bf7c407c2cedff20999df2af8eb42d56 -> 
========================================================================
Received Prepare
Registering precompiled user dll's ...
Registered in 0.007184 seconds.
Begin MonoManager ReloadAssembly
Native extension for WindowsStandalone target not found
Native extension for WebGL target not found
Refreshing native plugins compatible for Editor in 0.55 ms, found 2 plugins.
Preloading 0 native plugins for Editor in 0.00 ms.
Mono: successfully reloaded assembly
- Completed reload, in  1.527 seconds
Domain Reload Profiling:
	ReloadAssembly (1528ms)
		BeginReloadAssembly (149ms)
			ExecutionOrderSort (0ms)
			DisableScriptedObjects (7ms)
			BackupInstance (0ms)
			ReleaseScriptingObjects (0ms)
			CreateAndSetChildDomain (39ms)
		EndReloadAssembly (1283ms)
			LoadAssemblies (129ms)
			RebuildTransferFunctionScriptingTraits (0ms)
			SetupTypeCache (410ms)
			ReleaseScriptCaches (1ms)
			RebuildScriptCaches (57ms)
			SetupLoadedEditorAssemblies (537ms)
				LogAssemblyErrors (0ms)
				InitializePlatformSupportModulesInManaged (9ms)
				SetLoadedEditorAssemblies (1ms)
				RefreshPlugins (1ms)
				BeforeProcessingInitializeOnLoad (113ms)
				ProcessInitializeOnLoadAttributes (382ms)
				ProcessInitializeOnLoadMethodAttributes (16ms)
				AfterProcessingInitializeOnLoad (15ms)
				EditorAssembliesLoaded (1ms)
			ExecutionOrderSort2 (0ms)
			AwakeInstancesAfterBackupRestoration (13ms)
Platform modules already initialized, skipping
Refreshing native plugins compatible for Editor in 0.80 ms, found 2 plugins.
Preloading 0 native plugins for Editor in 0.00 ms.
Unloading 1489 Unused Serialized files (Serialized files now loaded: 0)
System memory in use before: 85.9 MB.
System memory in use after: 86.0 MB.

Unloading 14 unused Assets to reduce memory usage. Loaded Objects now: 1995.
Total: 5.140500 ms (FindLiveObjects: 0.202600 ms CreateObjectMapping: 0.083100 ms MarkObjects: 4.823300 ms  DeleteObjects: 0.029300 ms)

AssetImportParameters requested are different than current active one (requested -> active):
  custom:framework-win-MediaFoundation: 216162199b28c13a410421893ffa2e32 -> 
  custom:video-decoder-ogg-theora: a1e56fd34408186e4bbccfd4996cb3dc -> 
  custom:container-muxer-webm: aa71ff27fc2769a1b78a27578f13a17b -> 
  custom:container-demuxer-webm: 4f35f7cbe854078d1ac9338744f61a02 -> 
  custom:container-demuxer-ogg: 62fdf1f143b41e24485cea50d1cbac27 -> 
  custom:video-encoder-webm-vp8: eb34c28f22e8b96e1ab97ce403110664 -> 
  custom:video-decoder-webm-vp8: 9c59270c3fd7afecdb556c50c9e8de78 -> 
  custom:audio-decoder-ogg-vorbis: bf7c407c2cedff20999df2af8eb42d56 -> 
  custom:audio-encoder-webm-vorbis: bf7c407c2cedff20999df2af8eb42d56 -> 
AssetImportWorkerClient::OnTransportError - code=2 error=End of file
